#
# A fatal error has been detected by the Java Runtime Environment:
#
#  EXCEPTION_ACCESS_VIOLATION (0xc0000005) at pc=0x00007ffd24fb3004, pid=32048, tid=30508
#
# JRE version: OpenJDK Runtime Environment (25.0.2+10) (build 25.0.2+10-69)
# Java VM: OpenJDK 64-Bit Server VM (25.0.2+10-69, mixed mode, sharing, tiered, compressed oops, compressed class ptrs, g1 gc, windows-amd64)
# Problematic frame:
# C  [libasyncProfiler.dll+0x93004]
#
# No core dump will be written. Minidumps are not enabled by default on client versions of Windows
#
# If you would like to submit a bug report, please visit:
#   https://bugreport.java.com/bugreport/crash.jsp
# The crash happened outside the Java Virtual Machine in native code.
# See problematic frame for where to report the bug.
#

---------------  S U M M A R Y ------------

Command Line: -agentlib:jdwp=transport=dt_socket,address=127.0.0.1:53643,suspend=y,server=n -ea -agentpath:C:\Users\franc\AppData\Local\Temp\idea_libasyncProfiler_dll_temp_folder2\libasyncProfiler.dll=version,jfr,event=wall,interval=10ms,cstack=no,file=C:\Users\franc\IdeaSnapshots\TimeSlotTest_testTimeSlot_2026_02_03_151700.jfr,dbghelppath=C:\Users\franc\AppData\Local\Temp\idea_dbghelp_dll_temp_folder1\dbghelp.dll,log=C:\Users\franc\AppData\Local\Temp\TimeSlotTest_testTimeSlot_2026_02_03_151700.jfr.log.txt,logLevel=DEBUG -Didea.test.cyclic.buffer.size=1048576 -javaagent:C:\Users\franc\AppData\Local\JetBrains\IntelliJIdea2024.3\captureAgent\debugger-agent.jar -Dkotlinx.coroutines.debug.enable.creation.stack.trace=false -Ddebugger.agent.enable.coroutines=true -Dkotlinx.coroutines.debug.enable.flows.stack.trace=true -Dkotlinx.coroutines.debug.enable.mutable.state.flows.stack.trace=true -Dfile.encoding=UTF-8 -Dsun.stdout.encoding=UTF-8 -Dsun.stderr.encoding=UTF-8 com.intellij.rt.junit.JUnitStarter -ideVersion5 -junit5 it.unicam.cs.asdl2526.es3.TimeSlotTest,testTimeSlot

Host: AMD Ryzen 7 9700X 8-Core Processor             , 16 cores, 31G,  Windows 11 , 64 bit Build 26100 (10.0.26100.7623)
Time: Tue Feb  3 15:17:22 2026 ora solare Europa occidentale elapsed time: 19.891341 seconds (0d 0h 0m 19s)

---------------  T H R E A D  ---------------

Current thread (0x000001847d3cf590):  JavaThread "Attach Listener" daemon [_thread_in_native, id=30508, stack(0x0000007a9bd00000,0x0000007a9be00000) (1024K)]

Stack: [0x0000007a9bd00000,0x0000007a9be00000],  sp=0x0000007a9bdfeeb0,  free space=1019k
Native frames: (J=compiled Java code, j=interpreted, Vv=VM code, C=native code)
C  [libasyncProfiler.dll+0x93004]  (no source info available)
C  [libasyncProfiler.dll+0x934db]  (no source info available)
C  [libasyncProfiler.dll+0x92134]  (no source info available)
C  [libasyncProfiler.dll+0x929aa]  (no source info available)
C  [libasyncProfiler.dll+0x8d561]  (no source info available)
C  [libasyncProfiler.dll+0x7ef21]  (no source info available)
C  [libasyncProfiler.dll+0x7dc38]  (no source info available)
C  [libasyncProfiler.dll+0x7db20]  (no source info available)
C  [libasyncProfiler.dll+0x84af9]  (no source info available)
V  [jvm.dll+0x5e6026]  (no source info available)
V  [jvm.dll+0x5e6e0d]  (no source info available)
V  [jvm.dll+0x1977f7]  (no source info available)
V  [jvm.dll+0x199315]  (no source info available)
V  [jvm.dll+0x48e9d1]  (no source info available)
V  [jvm.dll+0x906fcd]  (no source info available)
V  [jvm.dll+0x7a56d5]  (no source info available)
C  [ucrtbase.dll+0x37b0]  (no source info available)
C  [KERNEL32.DLL+0x2e8d7]  (no source info available)
C  [ntdll.dll+0x8c53c]  (no source info available)


siginfo: EXCEPTION_ACCESS_VIOLATION (0xc0000005), reading address 0xffffffffffffffff


Registers:
RAX=0x0000000000000010, RBX=0x0000000000000000, RCX=0xffffffffffffffff, RDX=0x007ffd234964e010
RSP=0x0000007a9bdfeeb0, RBP=0x000001847d3f4828, RSI=0x0000007a9bdff020, RDI=0x000001847d3f4828
R8 =0x0000000000000042, R9 =0x000000062d001eb8, R10=0x00007ffd2371f480, R11=0x00000000000000d2
R12=0x0000007a9bdff020, R13=0x000001845f69c240, R14=0x000001847d3cf9d8, R15=0x000001847d3cf9d8
RIP=0x00007ffd24fb3004, EFLAGS=0x0000000000010202

XMM[0]=0x0000000000000000 0x0000000000000000
XMM[1]=0x0000000000000000 0x0000000000000000
XMM[2]=0x0000000000000000 0x0000000000000000
XMM[3]=0x0000000000000000 0x0000000000000000
XMM[4]=0x0000000000000000 0x0000000000000000
XMM[5]=0x0000000000000000 0x0000000000000000
XMM[6]=0x0000000000000000 0x0000000000000000
XMM[7]=0x0000000000000000 0x0000000000000000
XMM[8]=0x0000000000000000 0x0000000000000000
XMM[9]=0x0000000000000000 0x0000000000000000
XMM[10]=0x0000000000000000 0x0000000000000000
XMM[11]=0x0000000000000000 0x0000000000000000
XMM[12]=0x0000000000000000 0x0000000000000000
XMM[13]=0x0000000000000000 0x0000000000000000
XMM[14]=0x0000000000000000 0x0000000000000000
XMM[15]=0x0000000000000000 0x0000000000000000
  MXCSR=0x00001fa0


Register to memory mapping:

RAX=0x0000000000000010 is an unknown value
RBX=0x0 is null
RCX=0xffffffffffffffff is an unknown value
RDX=0x007ffd234964e010 is an unknown value
RSP=0x0000007a9bdfeeb0 is pointing into the stack for thread: 0x000001847d3cf590
RBP=0x000001847d3f4828 points into unknown readable memory: 0x000000062d001eb8 | b8 1e 00 2d 06 00 00 00
RSI=0x0000007a9bdff020 is pointing into the stack for thread: 0x000001847d3cf590
RDI=0x000001847d3f4828 points into unknown readable memory: 0x000000062d001eb8 | b8 1e 00 2d 06 00 00 00
R8 =0x0000000000000042 is an unknown value
R9 =0x000000062d001eb8 is an oop: java.lang.Thread 
{0x000000062d001eb8} - klass: 'java/lang/Thread' - flags: 

 - ---- fields (total size 14 words):
 - 'threadLocalRandomProbe' 'I' @12  0 (0x00000000)
 - private volatile 'eetop' 'J' @16  1668043754016 (0x000001845f27ca20)
 - private final 'tid' 'J' @24  3 (0x0000000000000003)
 - 'threadLocalRandomSeed' 'J' @32  0 (0x0000000000000000)
 - injected 'jvmti_thread_state' 'J' @40  1668549166512 (0x000001847d47c5b0)
 - 'threadLocalRandomSecondarySeed' 'I' @48  0 (0x00000000)
 - injected 'jvmti_VTMS_transition_disable_count' 'I' @52  0 (0x00000000)
 - injected 'jfr_epoch' 'S' @56  0 (0x0000)
 - volatile 'interrupted' 'Z' @58  false (0x00)
 - injected 'jvmti_is_in_VTMS_transition' 'Z' @59  false (0x00)
 - private volatile 'name' 'Ljava/lang/String;' @60  "main"{0x000000062d001f28} (0xc5a003e5)
 - private volatile 'contextClassLoader' 'Ljava/lang/ClassLoader;' @64  a 'jdk/internal/loader/ClassLoaders$AppClassLoader'{0x000000062d01b540} (0xc5a036a8)
 - private final 'holder' 'Ljava/lang/Thread$FieldHolder;' @68  a 'java/lang/Thread$FieldHolder'{0x000000062d001f68} (0xc5a003ed)
 - private 'threadLocals' 'Ljava/lang/ThreadLocal$ThreadLocalMap;' @72  a 'java/lang/ThreadLocal$ThreadLocalMap'{0x000000062c89c518} (0xc59138a3)
 - private 'inheritableThreadLocals' 'Ljava/lang/ThreadLocal$ThreadLocalMap;' @76  null (0x00000000)
 - private 'scopedValueBindings' 'Ljava/lang/Object;' @80  a 'java/lang/Class'{0x00000007ffc7f210} = 'java/lang/Thread' (0xfff8fe42)
 - final 'interruptLock' 'Ljava/lang/Object;' @84  a 'java/lang/Object'{0x000000062d001f58} (0xc5a003eb)
 - private volatile 'parkBlocker' 'Ljava/lang/Object;' @88  null (0x00000000)
 - private 'nioBlocker' 'Lsun/nio/ch/Interruptible;' @92  null (0x00000000)
 - private 'cont' 'Ljdk/internal/vm/Continuation;' @96  null (0x00000000)
 - private volatile 'uncaughtExceptionHandler' 'Ljava/lang/Thread$UncaughtExceptionHandler;' @100  null (0x00000000)
 - private 'container' 'Ljdk/internal/vm/ThreadContainer;' @104  null (0x00000000)
 - private volatile 'headStackableScopes' 'Ljdk/internal/vm/StackableScope;' @108  null (0x00000000)
R10=0x00007ffd2371f480 jvm.dll
R11=0x00000000000000d2 is an unknown value
R12=0x0000007a9bdff020 is pointing into the stack for thread: 0x000001847d3cf590
R13=0x000001845f69c240 points into unknown readable memory: 0x00007ffd2368fc50 | 50 fc 68 23 fd 7f 00 00
R14=0x000001847d3cf9d8 points into unknown readable memory: 0x00007ffd23686ba0 | a0 6b 68 23 fd 7f 00 00
R15=0x000001847d3cf9d8 points into unknown readable memory: 0x00007ffd23686ba0 | a0 6b 68 23 fd 7f 00 00

Top of Stack: (sp=0x0000007a9bdfeeb0)
0x0000007a9bdfeeb0:   0000007a9bdff020 000001847d3f4828    ...z...(H?}....
0x0000007a9bdfeec0:   0000000000000000 000001847d3cfd68   ........h.<}....
0x0000007a9bdfeed0:   0000000000000013 00007ffd24fb34db   .........4.$....
0x0000007a9bdfeee0:   0000000000000000 000001847d3cf9d8   ..........<}....
0x0000007a9bdfeef0:   0000007a9bdff001 0000000000000000   ....z...........
0x0000007a9bdfef00:   000001840cc21770 00007ffd24fb2134   p.......4!.$....
0x0000007a9bdfef10:   0000000000000000 0000000000000013   ................
0x0000007a9bdfef20:   0000000000000000 0000000000000013   ................
0x0000007a9bdfef30:   0000000800000002 000001847d503b30   ........0;P}....
0x0000007a9bdfef40:   000001840cc21770 000001840cc217bc   p...............
0x0000007a9bdfef50:   000001840cc217bc 0000018400007490   .........t......
0x0000007a9bdfef60:   0000000000000000 0000000000000000   ................
0x0000007a9bdfef70:   0000000000000000 00007ffd22e88434   ........4.."....
0x0000007a9bdfef80:   00007ffd2510ae00 0000000000007d30   ...%....0}......
0x0000007a9bdfef90:   00007ffd2510ae00 00000000ffffffff   ...%............
0x0000007a9bdfefa0:   0000000000000000 00007ffd24fb29aa   .........).$....
0x0000007a9bdfefb0:   000001847d3cf9d8 0000000000000000   ..<}............
0x0000007a9bdfefc0:   0000007a9bdff029 000001845f69c240   )...z...@.i_....
0x0000007a9bdfefd0:   00000000000040e6 0000000000000000   .@..............
0x0000007a9bdfefe0:   0000000000000000 00007ffe2930d0c9   ..........0)....
0x0000007a9bdfeff0:   000001847d3cf9d8 00007ffd2510ae00   ..<}.......%....
0x0000007a9bdff000:   0000000000000000 00007ffd2504bc53   ........S..%....
0x0000007a9bdff010:   0000000000000000 000001847d3cf9d8   ..........<}....
0x0000007a9bdff020:   000001840c9c68a0 000001840c9c6b00   .h.......k......
0x0000007a9bdff030:   000001840c9c6b00 00007ffd2510ae00   .k.........%....
0x0000007a9bdff040:   000001845f6b8d18 0000007a9bdff1b8   ..k_........z...
0x0000007a9bdff050:   0000007a9bdff2f0 0000000000008840   ....z...@.......
0x0000007a9bdff060:   0000007a9bdff4d0 00007ffd2510ae50   ....z...P..%....
0x0000007a9bdff070:   0000000000989680 0000000000989680   ................
0x0000007a9bdff080:   0000007a9bdff190 00007ffd24fad561   ....z...a..$....
0x0000007a9bdff090:   00007ffd2510ae00 00007ffd2510ae58   ...%....X..%....
0x0000007a9bdff0a0:   00007ffd00000000 007c754100000001   ............Au|.

Instructions: (pc=0x00007ffd24fb3004)
  0x00007ffd24fb2f04:   cc cc cc cc cc cc cc cc cc cc cc cc cc cc cc cc
  0x00007ffd24fb2f14:   cc cc cc cc cc cc cc cc cc cc cc cc cc cc cc cc
  0x00007ffd24fb2f24:   cc cc cc cc cc cc cc cc cc cc cc cc cc cc cc cc
  0x00007ffd24fb2f34:   cc cc cc cc cc cc cc cc cc cc cc cc cc cc cc cc
  0x00007ffd24fb2f44:   cc cc cc cc cc cc cc cc cc cc cc cc cc cc cc cc
  0x00007ffd24fb2f54:   cc cc cc cc cc cc cc cc cc cc cc cc cc cc cc cc
  0x00007ffd24fb2f64:   cc cc cc cc cc cc cc cc cc cc cc cc cc cc cc cc
  0x00007ffd24fb2f74:   cc cc cc cc cc cc cc cc cc cc cc cc cc cc cc cc
  0x00007ffd24fb2f84:   cc cc cc cc cc cc cc cc cc cc cc cc 40 57 48 83
  0x00007ffd24fb2f94:   ec 20 48 8b f9 48 8b 0d 30 80 15 00 48 85 c9 74
  0x00007ffd24fb2fa4:   20 48 8b 01 48 8d 54 24 38 41 b8 06 00 01 00 4c
  0x00007ffd24fb2fb4:   8b 48 30 41 ff d1 85 c0 75 07 48 8b 4c 24 38 eb
  0x00007ffd24fb2fc4:   02 33 c9 4c 8b 05 0a 81 15 00 48 89 5c 24 30 4d
  0x00007ffd24fb2fd4:   85 c0 74 4a 48 8b 01 48 8b d7 4c 8b 88 28 03 00
  0x00007ffd24fb2fe4:   00 41 ff d1 48 85 c0 74 35 48 63 0d b8 3d 15 00
  0x00007ffd24fb2ff4:   48 8b 14 01 48 85 d2 74 15 48 63 05 bc 3d 15 00
=>0x00007ffd24fb3004:   8b 04 10 48 8b 5c 24 30 48 83 c4 20 5f c3 b8 ff
  0x00007ffd24fb3014:   ff ff ff 48 8b 5c 24 30 48 83 c4 20 5f c3 80 3d
  0x00007ffd24fb3024:   bb 7f 15 00 00 bb ff ff ff ff 74 20 4c 8b 0d 51
  0x00007ffd24fb3034:   7c 15 00 4c 8d 44 24 38 48 8b 0d 35 7c 15 00 48
  0x00007ffd24fb3044:   8b d7 41 ff d1 85 c0 0f 44 5c 24 38 8b c3 48 8b
  0x00007ffd24fb3054:   5c 24 30 48 83 c4 20 5f c3 cc cc cc cc cc cc cc
  0x00007ffd24fb3064:   cc cc cc cc cc cc cc cc cc cc cc cc cc cc cc cc
  0x00007ffd24fb3074:   cc cc cc cc cc cc cc cc cc cc cc cc cc cc cc cc
  0x00007ffd24fb3084:   cc cc cc cc cc cc cc cc cc cc cc cc 48 89 54 24
  0x00007ffd24fb3094:   10 53 55 56 57 41 56 41 57 48 83 ec 28 48 8b f2
  0x00007ffd24fb30a4:   4c 8b f1 48 89 4c 24 78 45 33 ff 44 89 7c 24 68
  0x00007ffd24fb30b4:   c7 44 24 60 01 00 00 00 48 8d 4c 24 68 e8 69 3c
  0x00007ffd24fb30c4:   f7 ff 8b d8 48 8d 4c 24 60 e8 5d 3c f7 ff 8b e8
  0x00007ffd24fb30d4:   49 8b ce e8 33 f3 f6 ff 48 8b f8 90 8b c3 f0 0f
  0x00007ffd24fb30e4:   b1 2f 74 04 f3 90 eb f4 4c 89 3e 4c 89 7e 08 4c
  0x00007ffd24fb30f4:   89 7e 10 49 8b 6e 08 4d 8b 76 10 49 3b ee 0f 84


Stack slot to memory mapping:

stack at sp + 0 slots: 0x0000007a9bdff020 is pointing into the stack for thread: 0x000001847d3cf590
stack at sp + 1 slots: 0x000001847d3f4828 points into unknown readable memory: 0x000000062d001eb8 | b8 1e 00 2d 06 00 00 00
stack at sp + 2 slots: 0x0 is null
stack at sp + 3 slots: 0x000001847d3cfd68 points into unknown readable memory: 0x6e616c2e6176616a | 6a 61 76 61 2e 6c 61 6e
stack at sp + 4 slots: 0x0000000000000013 is an unknown value
stack at sp + 5 slots: 0x00007ffd24fb34db libasyncProfiler.dll
stack at sp + 6 slots: 0x0 is null
stack at sp + 7 slots: 0x000001847d3cf9d8 points into unknown readable memory: 0x00007ffd23686ba0 | a0 6b 68 23 fd 7f 00 00

Lock stack of current Java thread (top to bottom):


---------------  P R O C E S S  ---------------

Threads class SMR info:
_java_thread_list=0x000001840cb98e90, length=12, elements={
0x000001845f27ca20, 0x000001845f42e600, 0x000001847d3cb790, 0x000001847d3cda70,
0x000001847d3cf590, 0x000001847d3d2f30, 0x000001847d3dbb00, 0x000001847d3dc9f0,
0x000001847d3eff40, 0x000001847d6016b0, 0x000001847d6dda10, 0x000001840c170c30
}

Java Threads: ( => current thread )
  0x000001845f27ca20 JavaThread "main"                              [_thread_in_native, id=11552, stack(0x0000007a9b200000,0x0000007a9b300000) (1024K)]
  0x000001845f42e600 JavaThread "Reference Handler"          daemon [_thread_blocked, id=27708, stack(0x0000007a9ba00000,0x0000007a9bb00000) (1024K)]
  0x000001847d3cb790 JavaThread "Finalizer"                  daemon [_thread_blocked, id=33404, stack(0x0000007a9bb00000,0x0000007a9bc00000) (1024K)]
  0x000001847d3cda70 JavaThread "Signal Dispatcher"          daemon [_thread_blocked, id=27964, stack(0x0000007a9bc00000,0x0000007a9bd00000) (1024K)]
=>0x000001847d3cf590 JavaThread "Attach Listener"            daemon [_thread_in_native, id=30508, stack(0x0000007a9bd00000,0x0000007a9be00000) (1024K)]
  0x000001847d3d2f30 JavaThread "Service Thread"             daemon [_thread_blocked, id=33312, stack(0x0000007a9be00000,0x0000007a9bf00000) (1024K)]
  0x000001847d3dbb00 JavaThread "Monitor Deflation Thread"   daemon [_thread_blocked, id=28872, stack(0x0000007a9bf00000,0x0000007a9c000000) (1024K)]
  0x000001847d3dc9f0 JavaThread "C2 CompilerThread0"         daemon [_thread_blocked, id=31828, stack(0x0000007a9c000000,0x0000007a9c100000) (1024K)]
  0x000001847d3eff40 JavaThread "C1 CompilerThread0"         daemon [_thread_blocked, id=26372, stack(0x0000007a9c100000,0x0000007a9c200000) (1024K)]
  0x000001847d6016b0 JavaThread "JDWP Event Helper Thread"   daemon [_thread_blocked, id=2080, stack(0x0000007a9c700000,0x0000007a9c800000) (1024K)]
  0x000001847d6dda10 JavaThread "Notification Thread"        daemon [_thread_blocked, id=3764, stack(0x0000007a9c900000,0x0000007a9ca00000) (1024K)]
  0x000001840c170c30 JavaThread "Common-Cleaner"             daemon [_thread_blocked, id=29840, stack(0x0000007a9ca00000,0x0000007a9cb00000) (1024K)]
Total: 12

Other Threads:
  0x000001845f425c10 VMThread "VM Thread"                           [id=20040, stack(0x0000007a9b900000,0x0000007a9ba00000) (1024K)]
  0x000001845f331bc0 WorkerThread "GC Thread#0"                     [id=11324, stack(0x0000007a9b300000,0x0000007a9b400000) (1024K)]
  0x000001845f34a210 ConcurrentGCThread "G1 Main Marker"            terminated
  0x000001845f34bec0 WorkerThread "G1 Conc#0"                       [id=29212, stack(0x0000007a9b500000,0x0000007a9b600000) (1024K)]
  0x000001845f3be1e0 ConcurrentGCThread "G1 Refine#0"               terminated
  0x000001845f3bedf0 ConcurrentGCThread "G1 Service"                terminated
Total: 6

Threads with active compile tasks:
Total: 0

VM state: not at safepoint (normal execution)

VM Mutex/Monitor currently owned by a thread: None

Heap address: 0x000000060e000000, size: 7968 MB, Compressed Oops mode: Zero based, Oop shift amount: 3

CDS archive(s) mapped at: [0x000000008c000000-0x000000008cdd0000-0x000000008cdd0000), size 14483456, SharedBaseAddress: 0x000000008c000000, ArchiveRelocationMode: 1.
Compressed class space mapped at: 0x000000008d000000-0x00000000cd000000, reserved size: 1073741824
UseCompressedClassPointers 1, UseCompactObjectHeaders 0
Narrow klass pointer bits 32, Max shift 3
Narrow klass base: 0x000000008c000000, Narrow klass shift: 0
Encoding Range: [0x000000008c000000 - 0x000000018c000000), (4294967296 bytes)
Klass Range:    [0x000000008c010000 - 0x00000000cd000000), (1090453504 bytes)
Klass ID Range:  [65536 - 1090519033) (1090453497)
Protection zone: [0x000000008c000000 - 0x000000008c010000), (65536 bytes)

GC Precious Log:
 CardTable entry size: 512
 Card Set container configuration: InlinePtr #cards 4 size 8 Array Of Cards #cards 32 size 80 Howl #buckets 8 coarsen threshold 7372 Howl Bitmap #cards 1024 size 144 coarsen threshold 921 Card regions per heap region 1 cards per card region 8192
 CPUs: 16 total, 16 available
 Memory: 31861M
 Large Page Support: Disabled
 NUMA Support: Disabled
 Compressed Oops: Enabled (Zero based)
 Heap Region Size: 4M
 Heap Min Capacity: 8M
 Heap Initial Capacity: 500M
 Heap Max Capacity: 7968M
 Pre-touch: Disabled
 Parallel Workers: 13
 Concurrent Workers: 3
 Concurrent Refinement Workers: 13
 Periodic GC: Disabled

Heap:
 garbage-first heap   total reserved 8159232K, committed 516096K, used 21651K [0x000000060e000000, 0x0000000800000000)
  region size 4096K, 6 young (24576K), 0 survivors (0K)

Heap Regions: E=young(eden), S=young(survivor), O=old, HS=humongous(starts), HC=humongous(continues), CS=collection set, F=free, TAMS=top-at-mark-start, PB=parsable bottom
|   0|0x000000060e000000, 0x000000060e000000, 0x000000060e400000|  0%| F|  |TAMS 0x000000060e000000| PB 0x000000060e000000| Untracked |  0
|   1|0x000000060e400000, 0x000000060e400000, 0x000000060e800000|  0%| F|  |TAMS 0x000000060e400000| PB 0x000000060e400000| Untracked |  0
|   2|0x000000060e800000, 0x000000060e800000, 0x000000060ec00000|  0%| F|  |TAMS 0x000000060e800000| PB 0x000000060e800000| Untracked |  0
|   3|0x000000060ec00000, 0x000000060ec00000, 0x000000060f000000|  0%| F|  |TAMS 0x000000060ec00000| PB 0x000000060ec00000| Untracked |  0
|   4|0x000000060f000000, 0x000000060f000000, 0x000000060f400000|  0%| F|  |TAMS 0x000000060f000000| PB 0x000000060f000000| Untracked |  0
|   5|0x000000060f400000, 0x000000060f400000, 0x000000060f800000|  0%| F|  |TAMS 0x000000060f400000| PB 0x000000060f400000| Untracked |  0
|   6|0x000000060f800000, 0x000000060f800000, 0x000000060fc00000|  0%| F|  |TAMS 0x000000060f800000| PB 0x000000060f800000| Untracked |  0
|   7|0x000000060fc00000, 0x000000060fc00000, 0x0000000610000000|  0%| F|  |TAMS 0x000000060fc00000| PB 0x000000060fc00000| Untracked |  0
|   8|0x0000000610000000, 0x0000000610000000, 0x0000000610400000|  0%| F|  |TAMS 0x0000000610000000| PB 0x0000000610000000| Untracked |  0
|   9|0x0000000610400000, 0x0000000610400000, 0x0000000610800000|  0%| F|  |TAMS 0x0000000610400000| PB 0x0000000610400000| Untracked |  0
|  10|0x0000000610800000, 0x0000000610800000, 0x0000000610c00000|  0%| F|  |TAMS 0x0000000610800000| PB 0x0000000610800000| Untracked |  0
|  11|0x0000000610c00000, 0x0000000610c00000, 0x0000000611000000|  0%| F|  |TAMS 0x0000000610c00000| PB 0x0000000610c00000| Untracked |  0
|  12|0x0000000611000000, 0x0000000611000000, 0x0000000611400000|  0%| F|  |TAMS 0x0000000611000000| PB 0x0000000611000000| Untracked |  0
|  13|0x0000000611400000, 0x0000000611400000, 0x0000000611800000|  0%| F|  |TAMS 0x0000000611400000| PB 0x0000000611400000| Untracked |  0
|  14|0x0000000611800000, 0x0000000611800000, 0x0000000611c00000|  0%| F|  |TAMS 0x0000000611800000| PB 0x0000000611800000| Untracked |  0
|  15|0x0000000611c00000, 0x0000000611c00000, 0x0000000612000000|  0%| F|  |TAMS 0x0000000611c00000| PB 0x0000000611c00000| Untracked |  0
|  16|0x0000000612000000, 0x0000000612000000, 0x0000000612400000|  0%| F|  |TAMS 0x0000000612000000| PB 0x0000000612000000| Untracked |  0
|  17|0x0000000612400000, 0x0000000612400000, 0x0000000612800000|  0%| F|  |TAMS 0x0000000612400000| PB 0x0000000612400000| Untracked |  0
|  18|0x0000000612800000, 0x0000000612800000, 0x0000000612c00000|  0%| F|  |TAMS 0x0000000612800000| PB 0x0000000612800000| Untracked |  0
|  19|0x0000000612c00000, 0x0000000612c00000, 0x0000000613000000|  0%| F|  |TAMS 0x0000000612c00000| PB 0x0000000612c00000| Untracked |  0
|  20|0x0000000613000000, 0x0000000613000000, 0x0000000613400000|  0%| F|  |TAMS 0x0000000613000000| PB 0x0000000613000000| Untracked |  0
|  21|0x0000000613400000, 0x0000000613400000, 0x0000000613800000|  0%| F|  |TAMS 0x0000000613400000| PB 0x0000000613400000| Untracked |  0
|  22|0x0000000613800000, 0x0000000613800000, 0x0000000613c00000|  0%| F|  |TAMS 0x0000000613800000| PB 0x0000000613800000| Untracked |  0
|  23|0x0000000613c00000, 0x0000000613c00000, 0x0000000614000000|  0%| F|  |TAMS 0x0000000613c00000| PB 0x0000000613c00000| Untracked |  0
|  24|0x0000000614000000, 0x0000000614000000, 0x0000000614400000|  0%| F|  |TAMS 0x0000000614000000| PB 0x0000000614000000| Untracked |  0
|  25|0x0000000614400000, 0x0000000614400000, 0x0000000614800000|  0%| F|  |TAMS 0x0000000614400000| PB 0x0000000614400000| Untracked |  0
|  26|0x0000000614800000, 0x0000000614800000, 0x0000000614c00000|  0%| F|  |TAMS 0x0000000614800000| PB 0x0000000614800000| Untracked |  0
|  27|0x0000000614c00000, 0x0000000614c00000, 0x0000000615000000|  0%| F|  |TAMS 0x0000000614c00000| PB 0x0000000614c00000| Untracked |  0
|  28|0x0000000615000000, 0x0000000615000000, 0x0000000615400000|  0%| F|  |TAMS 0x0000000615000000| PB 0x0000000615000000| Untracked |  0
|  29|0x0000000615400000, 0x0000000615400000, 0x0000000615800000|  0%| F|  |TAMS 0x0000000615400000| PB 0x0000000615400000| Untracked |  0
|  30|0x0000000615800000, 0x0000000615800000, 0x0000000615c00000|  0%| F|  |TAMS 0x0000000615800000| PB 0x0000000615800000| Untracked |  0
|  31|0x0000000615c00000, 0x0000000615c00000, 0x0000000616000000|  0%| F|  |TAMS 0x0000000615c00000| PB 0x0000000615c00000| Untracked |  0
|  32|0x0000000616000000, 0x0000000616000000, 0x0000000616400000|  0%| F|  |TAMS 0x0000000616000000| PB 0x0000000616000000| Untracked |  0
|  33|0x0000000616400000, 0x0000000616400000, 0x0000000616800000|  0%| F|  |TAMS 0x0000000616400000| PB 0x0000000616400000| Untracked |  0
|  34|0x0000000616800000, 0x0000000616800000, 0x0000000616c00000|  0%| F|  |TAMS 0x0000000616800000| PB 0x0000000616800000| Untracked |  0
|  35|0x0000000616c00000, 0x0000000616c00000, 0x0000000617000000|  0%| F|  |TAMS 0x0000000616c00000| PB 0x0000000616c00000| Untracked |  0
|  36|0x0000000617000000, 0x0000000617000000, 0x0000000617400000|  0%| F|  |TAMS 0x0000000617000000| PB 0x0000000617000000| Untracked |  0
|  37|0x0000000617400000, 0x0000000617400000, 0x0000000617800000|  0%| F|  |TAMS 0x0000000617400000| PB 0x0000000617400000| Untracked |  0
|  38|0x0000000617800000, 0x0000000617800000, 0x0000000617c00000|  0%| F|  |TAMS 0x0000000617800000| PB 0x0000000617800000| Untracked |  0
|  39|0x0000000617c00000, 0x0000000617c00000, 0x0000000618000000|  0%| F|  |TAMS 0x0000000617c00000| PB 0x0000000617c00000| Untracked |  0
|  40|0x0000000618000000, 0x0000000618000000, 0x0000000618400000|  0%| F|  |TAMS 0x0000000618000000| PB 0x0000000618000000| Untracked |  0
|  41|0x0000000618400000, 0x0000000618400000, 0x0000000618800000|  0%| F|  |TAMS 0x0000000618400000| PB 0x0000000618400000| Untracked |  0
|  42|0x0000000618800000, 0x0000000618800000, 0x0000000618c00000|  0%| F|  |TAMS 0x0000000618800000| PB 0x0000000618800000| Untracked |  0
|  43|0x0000000618c00000, 0x0000000618c00000, 0x0000000619000000|  0%| F|  |TAMS 0x0000000618c00000| PB 0x0000000618c00000| Untracked |  0
|  44|0x0000000619000000, 0x0000000619000000, 0x0000000619400000|  0%| F|  |TAMS 0x0000000619000000| PB 0x0000000619000000| Untracked |  0
|  45|0x0000000619400000, 0x0000000619400000, 0x0000000619800000|  0%| F|  |TAMS 0x0000000619400000| PB 0x0000000619400000| Untracked |  0
|  46|0x0000000619800000, 0x0000000619800000, 0x0000000619c00000|  0%| F|  |TAMS 0x0000000619800000| PB 0x0000000619800000| Untracked |  0
|  47|0x0000000619c00000, 0x0000000619c00000, 0x000000061a000000|  0%| F|  |TAMS 0x0000000619c00000| PB 0x0000000619c00000| Untracked |  0
|  48|0x000000061a000000, 0x000000061a000000, 0x000000061a400000|  0%| F|  |TAMS 0x000000061a000000| PB 0x000000061a000000| Untracked |  0
|  49|0x000000061a400000, 0x000000061a400000, 0x000000061a800000|  0%| F|  |TAMS 0x000000061a400000| PB 0x000000061a400000| Untracked |  0
|  50|0x000000061a800000, 0x000000061a800000, 0x000000061ac00000|  0%| F|  |TAMS 0x000000061a800000| PB 0x000000061a800000| Untracked |  0
|  51|0x000000061ac00000, 0x000000061ac00000, 0x000000061b000000|  0%| F|  |TAMS 0x000000061ac00000| PB 0x000000061ac00000| Untracked |  0
|  52|0x000000061b000000, 0x000000061b000000, 0x000000061b400000|  0%| F|  |TAMS 0x000000061b000000| PB 0x000000061b000000| Untracked |  0
|  53|0x000000061b400000, 0x000000061b400000, 0x000000061b800000|  0%| F|  |TAMS 0x000000061b400000| PB 0x000000061b400000| Untracked |  0
|  54|0x000000061b800000, 0x000000061b800000, 0x000000061bc00000|  0%| F|  |TAMS 0x000000061b800000| PB 0x000000061b800000| Untracked |  0
|  55|0x000000061bc00000, 0x000000061bc00000, 0x000000061c000000|  0%| F|  |TAMS 0x000000061bc00000| PB 0x000000061bc00000| Untracked |  0
|  56|0x000000061c000000, 0x000000061c000000, 0x000000061c400000|  0%| F|  |TAMS 0x000000061c000000| PB 0x000000061c000000| Untracked |  0
|  57|0x000000061c400000, 0x000000061c400000, 0x000000061c800000|  0%| F|  |TAMS 0x000000061c400000| PB 0x000000061c400000| Untracked |  0
|  58|0x000000061c800000, 0x000000061c800000, 0x000000061cc00000|  0%| F|  |TAMS 0x000000061c800000| PB 0x000000061c800000| Untracked |  0
|  59|0x000000061cc00000, 0x000000061cc00000, 0x000000061d000000|  0%| F|  |TAMS 0x000000061cc00000| PB 0x000000061cc00000| Untracked |  0
|  60|0x000000061d000000, 0x000000061d000000, 0x000000061d400000|  0%| F|  |TAMS 0x000000061d000000| PB 0x000000061d000000| Untracked |  0
|  61|0x000000061d400000, 0x000000061d400000, 0x000000061d800000|  0%| F|  |TAMS 0x000000061d400000| PB 0x000000061d400000| Untracked |  0
|  62|0x000000061d800000, 0x000000061d800000, 0x000000061dc00000|  0%| F|  |TAMS 0x000000061d800000| PB 0x000000061d800000| Untracked |  0
|  63|0x000000061dc00000, 0x000000061dc00000, 0x000000061e000000|  0%| F|  |TAMS 0x000000061dc00000| PB 0x000000061dc00000| Untracked |  0
|  64|0x000000061e000000, 0x000000061e000000, 0x000000061e400000|  0%| F|  |TAMS 0x000000061e000000| PB 0x000000061e000000| Untracked |  0
|  65|0x000000061e400000, 0x000000061e400000, 0x000000061e800000|  0%| F|  |TAMS 0x000000061e400000| PB 0x000000061e400000| Untracked |  0
|  66|0x000000061e800000, 0x000000061e800000, 0x000000061ec00000|  0%| F|  |TAMS 0x000000061e800000| PB 0x000000061e800000| Untracked |  0
|  67|0x000000061ec00000, 0x000000061ec00000, 0x000000061f000000|  0%| F|  |TAMS 0x000000061ec00000| PB 0x000000061ec00000| Untracked |  0
|  68|0x000000061f000000, 0x000000061f000000, 0x000000061f400000|  0%| F|  |TAMS 0x000000061f000000| PB 0x000000061f000000| Untracked |  0
|  69|0x000000061f400000, 0x000000061f400000, 0x000000061f800000|  0%| F|  |TAMS 0x000000061f400000| PB 0x000000061f400000| Untracked |  0
|  70|0x000000061f800000, 0x000000061f800000, 0x000000061fc00000|  0%| F|  |TAMS 0x000000061f800000| PB 0x000000061f800000| Untracked |  0
|  71|0x000000061fc00000, 0x000000061fc00000, 0x0000000620000000|  0%| F|  |TAMS 0x000000061fc00000| PB 0x000000061fc00000| Untracked |  0
|  72|0x0000000620000000, 0x0000000620000000, 0x0000000620400000|  0%| F|  |TAMS 0x0000000620000000| PB 0x0000000620000000| Untracked |  0
|  73|0x0000000620400000, 0x0000000620400000, 0x0000000620800000|  0%| F|  |TAMS 0x0000000620400000| PB 0x0000000620400000| Untracked |  0
|  74|0x0000000620800000, 0x0000000620800000, 0x0000000620c00000|  0%| F|  |TAMS 0x0000000620800000| PB 0x0000000620800000| Untracked |  0
|  75|0x0000000620c00000, 0x0000000620c00000, 0x0000000621000000|  0%| F|  |TAMS 0x0000000620c00000| PB 0x0000000620c00000| Untracked |  0
|  76|0x0000000621000000, 0x0000000621000000, 0x0000000621400000|  0%| F|  |TAMS 0x0000000621000000| PB 0x0000000621000000| Untracked |  0
|  77|0x0000000621400000, 0x0000000621400000, 0x0000000621800000|  0%| F|  |TAMS 0x0000000621400000| PB 0x0000000621400000| Untracked |  0
|  78|0x0000000621800000, 0x0000000621800000, 0x0000000621c00000|  0%| F|  |TAMS 0x0000000621800000| PB 0x0000000621800000| Untracked |  0
|  79|0x0000000621c00000, 0x0000000621c00000, 0x0000000622000000|  0%| F|  |TAMS 0x0000000621c00000| PB 0x0000000621c00000| Untracked |  0
|  80|0x0000000622000000, 0x0000000622000000, 0x0000000622400000|  0%| F|  |TAMS 0x0000000622000000| PB 0x0000000622000000| Untracked |  0
|  81|0x0000000622400000, 0x0000000622400000, 0x0000000622800000|  0%| F|  |TAMS 0x0000000622400000| PB 0x0000000622400000| Untracked |  0
|  82|0x0000000622800000, 0x0000000622800000, 0x0000000622c00000|  0%| F|  |TAMS 0x0000000622800000| PB 0x0000000622800000| Untracked |  0
|  83|0x0000000622c00000, 0x0000000622c00000, 0x0000000623000000|  0%| F|  |TAMS 0x0000000622c00000| PB 0x0000000622c00000| Untracked |  0
|  84|0x0000000623000000, 0x0000000623000000, 0x0000000623400000|  0%| F|  |TAMS 0x0000000623000000| PB 0x0000000623000000| Untracked |  0
|  85|0x0000000623400000, 0x0000000623400000, 0x0000000623800000|  0%| F|  |TAMS 0x0000000623400000| PB 0x0000000623400000| Untracked |  0
|  86|0x0000000623800000, 0x0000000623800000, 0x0000000623c00000|  0%| F|  |TAMS 0x0000000623800000| PB 0x0000000623800000| Untracked |  0
|  87|0x0000000623c00000, 0x0000000623c00000, 0x0000000624000000|  0%| F|  |TAMS 0x0000000623c00000| PB 0x0000000623c00000| Untracked |  0
|  88|0x0000000624000000, 0x0000000624000000, 0x0000000624400000|  0%| F|  |TAMS 0x0000000624000000| PB 0x0000000624000000| Untracked |  0
|  89|0x0000000624400000, 0x0000000624400000, 0x0000000624800000|  0%| F|  |TAMS 0x0000000624400000| PB 0x0000000624400000| Untracked |  0
|  90|0x0000000624800000, 0x0000000624800000, 0x0000000624c00000|  0%| F|  |TAMS 0x0000000624800000| PB 0x0000000624800000| Untracked |  0
|  91|0x0000000624c00000, 0x0000000624c00000, 0x0000000625000000|  0%| F|  |TAMS 0x0000000624c00000| PB 0x0000000624c00000| Untracked |  0
|  92|0x0000000625000000, 0x0000000625000000, 0x0000000625400000|  0%| F|  |TAMS 0x0000000625000000| PB 0x0000000625000000| Untracked |  0
|  93|0x0000000625400000, 0x0000000625400000, 0x0000000625800000|  0%| F|  |TAMS 0x0000000625400000| PB 0x0000000625400000| Untracked |  0
|  94|0x0000000625800000, 0x0000000625800000, 0x0000000625c00000|  0%| F|  |TAMS 0x0000000625800000| PB 0x0000000625800000| Untracked |  0
|  95|0x0000000625c00000, 0x0000000625c00000, 0x0000000626000000|  0%| F|  |TAMS 0x0000000625c00000| PB 0x0000000625c00000| Untracked |  0
|  96|0x0000000626000000, 0x0000000626000000, 0x0000000626400000|  0%| F|  |TAMS 0x0000000626000000| PB 0x0000000626000000| Untracked |  0
|  97|0x0000000626400000, 0x0000000626400000, 0x0000000626800000|  0%| F|  |TAMS 0x0000000626400000| PB 0x0000000626400000| Untracked |  0
|  98|0x0000000626800000, 0x0000000626800000, 0x0000000626c00000|  0%| F|  |TAMS 0x0000000626800000| PB 0x0000000626800000| Untracked |  0
|  99|0x0000000626c00000, 0x0000000626c00000, 0x0000000627000000|  0%| F|  |TAMS 0x0000000626c00000| PB 0x0000000626c00000| Untracked |  0
| 100|0x0000000627000000, 0x0000000627000000, 0x0000000627400000|  0%| F|  |TAMS 0x0000000627000000| PB 0x0000000627000000| Untracked |  0
| 101|0x0000000627400000, 0x0000000627400000, 0x0000000627800000|  0%| F|  |TAMS 0x0000000627400000| PB 0x0000000627400000| Untracked |  0
| 102|0x0000000627800000, 0x0000000627800000, 0x0000000627c00000|  0%| F|  |TAMS 0x0000000627800000| PB 0x0000000627800000| Untracked |  0
| 103|0x0000000627c00000, 0x0000000627c00000, 0x0000000628000000|  0%| F|  |TAMS 0x0000000627c00000| PB 0x0000000627c00000| Untracked |  0
| 104|0x0000000628000000, 0x0000000628000000, 0x0000000628400000|  0%| F|  |TAMS 0x0000000628000000| PB 0x0000000628000000| Untracked |  0
| 105|0x0000000628400000, 0x0000000628400000, 0x0000000628800000|  0%| F|  |TAMS 0x0000000628400000| PB 0x0000000628400000| Untracked |  0
| 106|0x0000000628800000, 0x0000000628800000, 0x0000000628c00000|  0%| F|  |TAMS 0x0000000628800000| PB 0x0000000628800000| Untracked |  0
| 107|0x0000000628c00000, 0x0000000628c00000, 0x0000000629000000|  0%| F|  |TAMS 0x0000000628c00000| PB 0x0000000628c00000| Untracked |  0
| 108|0x0000000629000000, 0x0000000629000000, 0x0000000629400000|  0%| F|  |TAMS 0x0000000629000000| PB 0x0000000629000000| Untracked |  0
| 109|0x0000000629400000, 0x0000000629400000, 0x0000000629800000|  0%| F|  |TAMS 0x0000000629400000| PB 0x0000000629400000| Untracked |  0
| 110|0x0000000629800000, 0x0000000629800000, 0x0000000629c00000|  0%| F|  |TAMS 0x0000000629800000| PB 0x0000000629800000| Untracked |  0
| 111|0x0000000629c00000, 0x0000000629c00000, 0x000000062a000000|  0%| F|  |TAMS 0x0000000629c00000| PB 0x0000000629c00000| Untracked |  0
| 112|0x000000062a000000, 0x000000062a000000, 0x000000062a400000|  0%| F|  |TAMS 0x000000062a000000| PB 0x000000062a000000| Untracked |  0
| 113|0x000000062a400000, 0x000000062a400000, 0x000000062a800000|  0%| F|  |TAMS 0x000000062a400000| PB 0x000000062a400000| Untracked |  0
| 114|0x000000062a800000, 0x000000062a800000, 0x000000062ac00000|  0%| F|  |TAMS 0x000000062a800000| PB 0x000000062a800000| Untracked |  0
| 115|0x000000062ac00000, 0x000000062ac00000, 0x000000062b000000|  0%| F|  |TAMS 0x000000062ac00000| PB 0x000000062ac00000| Untracked |  0
| 116|0x000000062b000000, 0x000000062b000000, 0x000000062b400000|  0%| F|  |TAMS 0x000000062b000000| PB 0x000000062b000000| Untracked |  0
| 117|0x000000062b400000, 0x000000062b400000, 0x000000062b800000|  0%| F|  |TAMS 0x000000062b400000| PB 0x000000062b400000| Untracked |  0
| 118|0x000000062b800000, 0x000000062b800000, 0x000000062bc00000|  0%| F|  |TAMS 0x000000062b800000| PB 0x000000062b800000| Untracked |  0
| 119|0x000000062bc00000, 0x000000062c000000, 0x000000062c000000|100%| E|  |TAMS 0x000000062bc00000| PB 0x000000062bc00000| Complete |  0
| 120|0x000000062c000000, 0x000000062c400000, 0x000000062c400000|100%| E|CS|TAMS 0x000000062c000000| PB 0x000000062c000000| Complete |  0
| 121|0x000000062c400000, 0x000000062c800000, 0x000000062c800000|100%| E|CS|TAMS 0x000000062c400000| PB 0x000000062c400000| Complete |  0
| 122|0x000000062c800000, 0x000000062cc00000, 0x000000062cc00000|100%| E|CS|TAMS 0x000000062c800000| PB 0x000000062c800000| Complete |  0
| 123|0x000000062cc00000, 0x000000062d000000, 0x000000062d000000|100%| E|CS|TAMS 0x000000062cc00000| PB 0x000000062cc00000| Complete |  0
| 124|0x000000062d000000, 0x000000062d400000, 0x000000062d400000|100%| E|CS|TAMS 0x000000062d000000| PB 0x000000062d000000| Complete |  0
|1991|0x00000007ffc00000, 0x00000007ffd24ea8, 0x0000000800000000| 28%| O|  |TAMS 0x00000007ffc00000| PB 0x00000007ffc00000| Untracked |  0

Card table byte_map: [0x00000184794b0000,0x000001847a440000] _byte_map_base: 0x0000018476440000

Marking Bits: (CMBitMap*) 0x000001845f332350
 Bits: [0x0000018400000000, 0x0000018407c80000)

Polling page: 0x000001845ee70000

Metaspace:
Metaspace        used 8394K, committed 8576K, reserved 1114112K
 class space     used 960K, committed 1024K, reserved 1048576K

Usage:
  Non-class:      7.26 MB used.
      Class:    960.85 KB used.
       Both:      8.20 MB used.

Virtual space:
  Non-class space:       64.00 MB reserved,       7.38 MB ( 12%) committed,  1 nodes.
      Class space:        1.00 GB reserved,       1.00 MB ( <1%) committed,  1 nodes.
             Both:        1.06 GB reserved,       8.38 MB ( <1%) committed. 

Chunk freelists:
   Non-Class:  8.42 MB
       Class:  15.01 MB
        Both:  23.43 MB

MaxMetaspaceSize: unlimited
CompressedClassSpaceSize: 1.00 GB
Initial GC threshold: 21.00 MB
Current GC threshold: 21.00 MB
CDS: on
 - commit_granule_bytes: 65536.
 - commit_granule_words: 8192.
 - virtual_space_node_default_size: 8388608.
 - enlarge_chunks_in_place: 1.
UseCompressedClassPointers 1, UseCompactObjectHeaders 0
Narrow klass pointer bits 32, Max shift 3
Narrow klass base: 0x000000008c000000, Narrow klass shift: 0
Encoding Range: [0x000000008c000000 - 0x000000018c000000), (4294967296 bytes)
Klass Range:    [0x000000008c010000 - 0x00000000cd000000), (1090453504 bytes)
Klass ID Range:  [65536 - 1090519033) (1090453497)
Protection zone: [0x000000008c000000 - 0x000000008c010000), (65536 bytes)


Internal statistics:

num_allocs_failed_limit: 0.
num_arena_births: 78.
num_arena_deaths: 0.
num_vsnodes_births: 2.
num_vsnodes_deaths: 0.
num_space_committed: 134.
num_space_uncommitted: 0.
num_chunks_returned_to_freelist: 0.
num_chunks_taken_from_freelist: 181.
num_chunk_merges: 0.
num_chunk_splits: 102.
num_chunks_enlarged: 65.
num_inconsistent_stats: 0.

CodeHeap 'non-profiled nmethods': size=119232Kb used=282Kb max_used=282Kb free=118950Kb
 bounds [0x00000184702c0000, 0x0000018470530000, 0x0000018477730000]
CodeHeap 'profiled nmethods': size=119104Kb used=1675Kb max_used=1675Kb free=117428Kb
 bounds [0x0000018468730000, 0x00000184689a0000, 0x000001846fb80000]
CodeHeap 'non-nmethods': size=7424Kb used=1506Kb max_used=3195Kb free=5917Kb
 bounds [0x000001846fb80000, 0x000001846feb0000, 0x00000184702c0000]
CodeCache: size=245760Kb, used=3463Kb, max_used=5152Kb, free=242295Kb
 total_blobs=1635, nmethods=1173, adapters=366, full_count=0
Compilation: enabled, stopped_count=0, restarted_count=0

Compilation events (20 events):
Event: 0.381 Thread 0x000001847d3eff40 1159       3       sun.reflect.annotation.AnnotationInvocationHandler::hashCodeImpl (69 bytes)
Event: 0.381 Thread 0x000001847d3eff40 nmethod 1159 0x00000184688cf708 code [0x00000184688cf800, 0x00000184688d0118]
Event: 0.384 Thread 0x000001847d3dc9f0 1161       4       jdk.internal.misc.Unsafe::allocateUninitializedArray (55 bytes)
Event: 0.385 Thread 0x000001847d3dc9f0 nmethod 1161 0x0000018470305008 code [0x0000018470305100, 0x00000184703052c8]
Event: 0.387 Thread 0x000001847d50e0c0 1162       3       jdk.internal.classfile.impl.DirectClassBuilder::with (9 bytes)
Event: 0.387 Thread 0x000001847d504630 1163       3       jdk.internal.classfile.impl.DirectClassBuilder::with (33 bytes)
Event: 0.387 Thread 0x000001847d504630 nmethod 1163 0x00000184688d0188 code [0x00000184688d0280, 0x00000184688d0a10]
Event: 0.387 Thread 0x000001847d50e0c0 nmethod 1162 0x00000184688d0a88 code [0x00000184688d0b80, 0x00000184688d14d8]
Event: 0.387 Thread 0x000001847d50e0c0 1164       3       java.lang.invoke.LambdaForm$NamedFunction::returnType (11 bytes)
Event: 0.388 Thread 0x000001847d50e0c0 nmethod 1164 0x00000184688d1508 code [0x00000184688d1600, 0x00000184688d1d58]
Event: 0.388 Thread 0x000001847d3eff40 1166       3       jdk.internal.classfile.impl.AbstractPoolEntry$Utf8EntryImpl::clone (6 bytes)
Event: 0.388 Thread 0x000001847d503a90 1167       3       jdk.internal.classfile.impl.AbstractPoolEntry$Utf8EntryImpl::clone (65 bytes)
Event: 0.388 Thread 0x000001847d504630 1168       3       jdk.internal.classfile.impl.StackMapGenerator$Frame::getLocalRawInternal (13 bytes)
Event: 0.388 Thread 0x000001847d3eff40 nmethod 1166 0x00000184688d1d88 code [0x00000184688d1e80, 0x00000184688d2048]
Event: 0.388 Thread 0x000001847d504630 nmethod 1168 0x00000184688d2088 code [0x00000184688d2180, 0x00000184688d2388]
Event: 0.388 Thread 0x000001847d503a90 nmethod 1167 0x00000184688d2408 code [0x00000184688d2500, 0x00000184688d2a90]
Event: 0.388 Thread 0x000001847d503a90 1169       3       jdk.internal.classfile.impl.BufWriterImpl::writeU1U1 (39 bytes)
Event: 0.388 Thread 0x000001847d503a90 nmethod 1169 0x00000184688d2b08 code [0x00000184688d2c00, 0x00000184688d2ee0]
Event: 19.862 Thread 0x000001847d3eff40 1175       1       java.util.logging.Logger::getName (5 bytes)
Event: 19.862 Thread 0x000001847d3eff40 nmethod 1175 0x0000018470306508 code [0x0000018470306600, 0x00000184703066c8]

GC Heap Usage History (0 events):
No events

Metaspace Usage History (0 events):
No events

Dll operation events (9 events):
Event: 0.008 Loaded shared library C:\Users\franc\.jdks\openjdk-25.0.2\bin\java.dll
Event: 0.009 Loaded shared library C:\Users\franc\.jdks\openjdk-25.0.2\bin\zip.dll
Event: 0.064 Loaded shared library C:\Users\franc\.jdks\openjdk-25.0.2\bin\instrument.dll
Event: 0.071 Loaded shared library C:\Users\franc\.jdks\openjdk-25.0.2\bin\verify.dll
Event: 0.090 Loaded shared library C:\Users\franc\.jdks\openjdk-25.0.2\bin\net.dll
Event: 0.091 Loaded shared library C:\Users\franc\.jdks\openjdk-25.0.2\bin\nio.dll
Event: 0.097 Loaded shared library C:\Users\franc\.jdks\openjdk-25.0.2\bin\zip.dll
Event: 0.134 Loaded shared library C:\Users\franc\.jdks\openjdk-25.0.2\bin\jimage.dll
Event: 19.860 Loaded shared library C:\Users\franc\AppData\Local\Temp\idea_libasyncProfiler_dll_temp_folder2\libasyncProfiler.dll

Deoptimization events (20 events):
Event: 0.375 Thread 0x000001845f27ca20 DEOPT PACKING pc=0x000001847030430c sp=0x0000007a9b2fd9f0
Event: 0.375 Thread 0x000001845f27ca20 DEOPT UNPACKING pc=0x000001846fcc1e82 sp=0x0000007a9b2fd978 mode 2
Event: 0.375 Thread 0x000001845f27ca20 Uncommon trap: trap_request=0xffffffde fr.pc=0x000001847030430c relative=0x000000000000010c
Event: 0.375 Thread 0x000001845f27ca20 Uncommon trap: reason=class_check action=maybe_recompile pc=0x000001847030430c method=jdk.internal.misc.Unsafe.allocateUninitializedArray(Ljava/lang/Class;I)Ljava/lang/Object; @ 51 c2
Event: 0.375 Thread 0x000001845f27ca20 DEOPT PACKING pc=0x000001847030430c sp=0x0000007a9b2fd9f0
Event: 0.375 Thread 0x000001845f27ca20 DEOPT UNPACKING pc=0x000001846fcc1e82 sp=0x0000007a9b2fd978 mode 2
Event: 0.375 Thread 0x000001845f27ca20 Uncommon trap: trap_request=0xffffffde fr.pc=0x000001847030430c relative=0x000000000000010c
Event: 0.375 Thread 0x000001845f27ca20 Uncommon trap: reason=class_check action=maybe_recompile pc=0x000001847030430c method=jdk.internal.misc.Unsafe.allocateUninitializedArray(Ljava/lang/Class;I)Ljava/lang/Object; @ 51 c2
Event: 0.375 Thread 0x000001845f27ca20 DEOPT PACKING pc=0x000001847030430c sp=0x0000007a9b2fd9f0
Event: 0.375 Thread 0x000001845f27ca20 DEOPT UNPACKING pc=0x000001846fcc1e82 sp=0x0000007a9b2fd978 mode 2
Event: 12.835 Thread 0x000001845f27ca20 DEOPT PACKING pc=0x0000018468849394 sp=0x0000007a9b2fe5d0
Event: 12.835 Thread 0x000001845f27ca20 DEOPT UNPACKING pc=0x000001846fbd12a2 sp=0x0000007a9b2fda78 mode 0
Event: 12.841 Thread 0x000001845f27ca20 DEOPT PACKING pc=0x0000018468849394 sp=0x0000007a9b2fed00
Event: 12.841 Thread 0x000001845f27ca20 DEOPT UNPACKING pc=0x000001846fbd12a2 sp=0x0000007a9b2fe1a8 mode 0
Event: 19.853 Thread 0x000001845f27ca20 DEOPT PACKING pc=0x0000018468878691 sp=0x0000007a9b2fe1a0
Event: 19.853 Thread 0x000001845f27ca20 DEOPT UNPACKING pc=0x000001846fbd12a2 sp=0x0000007a9b2fd648 mode 1
Event: 19.853 Thread 0x000001845f27ca20 DEOPT PACKING pc=0x00000184688782a4 sp=0x0000007a9b2fe200
Event: 19.853 Thread 0x000001845f27ca20 DEOPT UNPACKING pc=0x000001846fbd12a2 sp=0x0000007a9b2fd6a8 mode 1
Event: 19.853 Thread 0x000001845f27ca20 DEOPT PACKING pc=0x00000184688add04 sp=0x0000007a9b2feb30
Event: 19.853 Thread 0x000001845f27ca20 DEOPT UNPACKING pc=0x000001846fbd12a2 sp=0x0000007a9b2fdfe0 mode 1

Classes loaded (20 events):
Event: 19.853 Loading class kotlinx/coroutines/debug/internal/DebugProbesImpl
Event: 19.853 Loading class kotlinx/coroutines/debug/internal/DebugProbesImpl done
Event: 19.858 Loading class jdk/internal/logger/LazyLoggers
Event: 19.858 Loading class jdk/internal/logger/LazyLoggers done
Event: 19.858 Loading class jdk/internal/logger/LazyLoggers$1
Event: 19.858 Loading class jdk/internal/logger/LazyLoggers$1 done
Event: 19.859 Loading class jdk/internal/logger/LazyLoggers$LazyLoggerFactories
Event: 19.859 Loading class jdk/internal/logger/LazyLoggers$LazyLoggerFactories done
Event: 19.859 Loading class jdk/internal/logger/LoggerFinderLoader
Event: 19.859 Loading class jdk/internal/logger/LoggerFinderLoader done
Event: 19.859 Loading class jdk/internal/logger/LoggerFinderLoader$TemporaryLoggerFinder
Event: 19.859 Loading class jdk/internal/logger/LoggerFinderLoader$TemporaryLoggerFinder done
Event: 19.860 Loading class sun/util/logging/internal/LoggingProviderImpl$JULWrapper
Event: 19.860 Loading class sun/util/logging/PlatformLogger$ConfigurableBridge$LoggerConfiguration
Event: 19.860 Loading class sun/util/logging/PlatformLogger$ConfigurableBridge$LoggerConfiguration done
Event: 19.860 Loading class sun/util/logging/internal/LoggingProviderImpl$JULWrapper done
Event: 19.861 Loading class java/lang/System$Logger$Level
Event: 19.861 Loading class java/lang/System$Logger$Level done
Event: 19.861 Loading class java/util/IdentityHashMap$KeyIterator
Event: 19.861 Loading class java/util/IdentityHashMap$KeyIterator done

Classes unloaded (0 events):
No events

Classes redefined (1 events):
Event: 0.078 Thread 0x000001845f425c10 redefined class name=java.lang.Throwable, count=1

Internal exceptions (20 events):
Event: 0.151 Thread 0x000001845f27ca20 Exception <a 'java/lang/NoSuchMethodError'{0x000000062cb203b8}: 'java.lang.Object java.lang.invoke.DirectMethodHandle$Holder.invokeStaticInit(java.lang.Object, java.lang.Object, java.lang.Object)'> (0x000000062cb203b8) 
thrown [s\open\src\hotspot\share\interpreter\linkResolver.cpp, line 804]
Event: 0.151 Thread 0x000001845f27ca20 Exception <a 'java/lang/NoSuchMethodError'{0x000000062cb30e40}: 'void java.lang.invoke.DirectMethodHandle$Holder.invokeStaticInit(java.lang.Object, java.lang.Object, java.lang.Object)'> (0x000000062cb30e40) 
thrown [s\open\src\hotspot\share\interpreter\linkResolver.cpp, line 804]
Event: 0.173 Thread 0x000001845f27ca20 Exception <a 'java/lang/NoSuchMethodError'{0x000000062cb64420}: 'int java.lang.invoke.DirectMethodHandle$Holder.invokeStatic(java.lang.Object, java.lang.Object, java.lang.Object, java.lang.Object)'> (0x000000062cb64420) 
thrown [s\open\src\hotspot\share\interpreter\linkResolver.cpp, line 804]
Event: 0.187 Thread 0x000001845f27ca20 Exception <a 'java/lang/NoSuchMethodError'{0x000000062cbe0058}: 'int java.lang.invoke.DirectMethodHandle$Holder.invokeVirtual(java.lang.Object, java.lang.Object)'> (0x000000062cbe0058) 
thrown [s\open\src\hotspot\share\interpreter\linkResolver.cpp, line 804]
Event: 0.195 Thread 0x000001845f27ca20 Exception <a 'java/lang/NoSuchMethodError'{0x000000062c4204a8}: 'int java.lang.invoke.DirectMethodHandle$Holder.invokeSpecialIFC(java.lang.Object, java.lang.Object, java.lang.Object, java.lang.Object)'> (0x000000062c4204a8) 
thrown [s\open\src\hotspot\share\interpreter\linkResolver.cpp, line 804]
Event: 0.211 Thread 0x000001845f27ca20 Exception <a 'java/lang/NoSuchMethodError'{0x000000062c4b5068}: 'void java.lang.invoke.DirectMethodHandle$Holder.invokeStatic(java.lang.Object, java.lang.Object, java.lang.Object, java.lang.Object)'> (0x000000062c4b5068) 
thrown [s\open\src\hotspot\share\interpreter\linkResolver.cpp, line 804]
Event: 0.218 Thread 0x000001845f27ca20 Exception <a 'java/lang/NoSuchMethodError'{0x000000062c4ff1d0}: 'void java.lang.invoke.DirectMethodHandle$Holder.invokeSpecial(java.lang.Object, java.lang.Object, java.lang.Object, java.lang.Object, java.lang.Object)'> (0x000000062c4ff1d0) 
thrown [s\open\src\hotspot\share\interpreter\linkResolver.cpp, line 804]
Event: 0.220 Thread 0x000001845f27ca20 Exception <a 'java/lang/NoSuchMethodError'{0x000000062c51fa00}: 'java.lang.Object java.lang.invoke.DirectMethodHandle$Holder.invokeInterface(java.lang.Object, java.lang.Object)'> (0x000000062c51fa00) 
thrown [s\open\src\hotspot\share\interpreter\linkResolver.cpp, line 804]
Event: 0.221 Thread 0x000001845f27ca20 Exception <a 'java/lang/IncompatibleClassChangeError'{0x000000062c527a00}: Found class java.lang.Object, but interface was expected> (0x000000062c527a00) 
thrown [s\open\src\hotspot\share\interpreter\linkResolver.cpp, line 871]
Event: 0.225 Thread 0x000001845f27ca20 Exception <a 'java/lang/NoSuchMethodError'{0x000000062c55ec10}: 'int java.lang.invoke.DirectMethodHandle$Holder.invokeStaticInit(java.lang.Object, java.lang.Object)'> (0x000000062c55ec10) 
thrown [s\open\src\hotspot\share\interpreter\linkResolver.cpp, line 804]
Event: 0.250 Thread 0x000001845f27ca20 Exception <a 'java/lang/NoSuchMethodError'{0x000000062c6091c8}: 'void java.lang.invoke.DirectMethodHandle$Holder.invokeSpecial(java.lang.Object, java.lang.Object, java.lang.Object)'> (0x000000062c6091c8) 
thrown [s\open\src\hotspot\share\interpreter\linkResolver.cpp, line 804]
Event: 0.265 Thread 0x000001845f27ca20 Exception <a 'java/lang/NoSuchMethodError'{0x000000062c675ad0}: 'java.lang.Object java.lang.invoke.DirectMethodHandle$Holder.newInvokeSpecial(java.lang.Object, java.lang.Object, java.lang.Object, java.lang.Object, java.lang.Object)'> (0x000000062c675ad0) 
thrown [s\open\src\hotspot\share\interpreter\linkResolver.cpp, line 804]
Event: 0.280 Thread 0x000001845f27ca20 Exception <a 'java/lang/NoSuchMethodError'{0x000000062c7231f0}: 'java.lang.Object java.lang.invoke.DirectMethodHandle$Holder.invokeSpecialIFC(java.lang.Object, java.lang.Object, java.lang.Object, java.lang.Object)'> (0x000000062c7231f0) 
thrown [s\open\src\hotspot\share\interpreter\linkResolver.cpp, line 804]
Event: 0.286 Thread 0x000001845f27ca20 Exception <a 'java/lang/NoSuchMethodError'{0x000000062c75f798}: 'void java.lang.invoke.DirectMethodHandle$Holder.invokeStatic(java.lang.Object, java.lang.Object)'> (0x000000062c75f798) 
thrown [s\open\src\hotspot\share\interpreter\linkResolver.cpp, line 804]
Event: 0.297 Thread 0x000001845f27ca20 Exception <a 'java/lang/NoSuchMethodError'{0x000000062c7e1cd0}: 'int java.lang.invoke.DirectMethodHandle$Holder.invokeVirtual(java.lang.Object, java.lang.Object, java.lang.Object)'> (0x000000062c7e1cd0) 
thrown [s\open\src\hotspot\share\interpreter\linkResolver.cpp, line 804]
Event: 0.300 Thread 0x000001845f27ca20 Exception <a 'java/lang/NoSuchMethodError'{0x000000062c00b870}: 'void java.lang.invoke.DirectMethodHandle$Holder.invokeInterface(java.lang.Object, java.lang.Object)'> (0x000000062c00b870) 
thrown [s\open\src\hotspot\share\interpreter\linkResolver.cpp, line 804]
Event: 0.301 Thread 0x000001845f27ca20 Exception <a 'java/lang/IncompatibleClassChangeError'{0x000000062c013548}: Found class java.lang.Object, but interface was expected> (0x000000062c013548) 
thrown [s\open\src\hotspot\share\interpreter\linkResolver.cpp, line 871]
Event: 0.313 Thread 0x000001845f27ca20 Exception <a 'java/lang/NoSuchMethodError'{0x000000062c0ac5d0}: 'java.lang.Object java.lang.invoke.DirectMethodHandle$Holder.invokeStatic(java.lang.Object, java.lang.Object, int)'> (0x000000062c0ac5d0) 
thrown [s\open\src\hotspot\share\interpreter\linkResolver.cpp, line 804]
Event: 0.314 Thread 0x000001845f27ca20 Exception <a 'java/lang/NoSuchMethodError'{0x000000062c0bbf48}: 'java.lang.Object java.lang.invoke.DirectMethodHandle$Holder.newInvokeSpecial(java.lang.Object, java.lang.Object, int)'> (0x000000062c0bbf48) 
thrown [s\open\src\hotspot\share\interpreter\linkResolver.cpp, line 804]
Event: 0.380 Thread 0x000001845f27ca20 Exception <a 'java/lang/NoSuchMethodError'{0x000000062c376c88}: 'void java.lang.invoke.DirectMethodHandle$Holder.invokeInterface(java.lang.Object, java.lang.Object, java.lang.Object)'> (0x000000062c376c88) 
thrown [s\open\src\hotspot\share\interpreter\linkResolver.cpp, line 804]

VM Operations (20 events):
Event: 12.846 Executing safepoint VM operation: get/set locals
Event: 12.846 Executing safepoint VM operation: get/set locals done
Event: 12.850 Executing safepoint VM operation: get/set locals
Event: 12.850 Executing safepoint VM operation: get/set locals done
Event: 12.850 Executing safepoint VM operation: get/set locals
Event: 12.850 Executing safepoint VM operation: get/set locals done
Event: 12.850 Executing safepoint VM operation: get/set locals
Event: 12.850 Executing safepoint VM operation: get/set locals done
Event: 12.850 Executing safepoint VM operation: get/set locals
Event: 12.850 Executing safepoint VM operation: get/set locals done
Event: 12.850 Executing safepoint VM operation: get/set locals
Event: 12.850 Executing safepoint VM operation: get/set locals done
Event: 12.850 Executing safepoint VM operation: get/set locals
Event: 12.850 Executing safepoint VM operation: get/set locals done
Event: 12.850 Executing safepoint VM operation: get/set locals
Event: 12.850 Executing safepoint VM operation: get/set locals done
Event: 12.850 Executing safepoint VM operation: get/set locals
Event: 12.850 Executing safepoint VM operation: get/set locals done
Event: 16.878 Executing safepoint VM operation: ChangeBreakpoints
Event: 16.879 Executing safepoint VM operation: ChangeBreakpoints done

Memory protections (0 events):
No events

Nmethod flushes (0 events):
No events

Events (20 events):
Event: 0.020 Thread 0x000001845f27ca20 Thread added: 0x000001847d3dc9f0
Event: 0.020 Thread 0x000001845f27ca20 Thread added: 0x000001847d3eff40
Event: 0.032 Thread 0x000001847d3eff40 Thread added: 0x000001847d503a90
Event: 0.032 Thread 0x000001847d3eff40 Thread added: 0x000001847d504630
Event: 0.033 Thread 0x000001847d3eff40 Thread added: 0x000001847d50e0c0
Event: 0.035 Thread 0x000001847d3eff40 Thread added: 0x000001847d5548c0
Event: 0.039 Thread 0x000001845f27ca20 Thread added: 0x000001847d5e55a0
Event: 0.039 Thread 0x000001845f27ca20 Thread added: 0x000001847d6016b0
Event: 0.039 Thread 0x000001847d5e55a0 Thread added: 0x000001847d5fb830
Event: 0.081 Thread 0x000001845f27ca20 Thread added: 0x000001847d6dda10
Event: 0.086 Thread 0x000001845f27ca20 Thread added: 0x000001840c170c30
Event: 5.387 Thread 0x000001847d50e0c0 Thread exited: 0x000001847d50e0c0
Event: 5.387 Thread 0x000001847d5548c0 Thread exited: 0x000001847d5548c0
Event: 5.387 Thread 0x000001847d504630 Thread exited: 0x000001847d504630
Event: 10.388 Thread 0x000001847d503a90 Thread exited: 0x000001847d503a90
Event: 19.862 Thread 0x000001845f27ca20 Thread added: 0x000001840cd02670
Event: 19.862 Thread 0x000001840cd02670 Thread exited: 0x000001840cd02670
Event: 19.862 Thread 0x000001845f27ca20 Before exit entered
Event: 19.863 Thread 0x000001847d5fb830 Thread exited: 0x000001847d5fb830
Event: 19.863 Thread 0x000001847d5e55a0 Thread exited: 0x000001847d5e55a0


Dynamic libraries:
0x00007ff70a230000 - 0x00007ff70a23e000 	C:\Users\franc\.jdks\openjdk-25.0.2\bin\java.exe
0x00007ffe2baa0000 - 0x00007ffe2bd07000 	C:\WINDOWS\SYSTEM32\ntdll.dll
0x00007ffe2a2e0000 - 0x00007ffe2a3a9000 	C:\WINDOWS\System32\KERNEL32.DLL
0x00007ffe29260000 - 0x00007ffe2964f000 	C:\WINDOWS\System32\KERNELBASE.dll
0x00007ffe29020000 - 0x00007ffe2916b000 	C:\WINDOWS\System32\ucrtbase.dll
0x00007ffe04a20000 - 0x00007ffe04a37000 	C:\Users\franc\.jdks\openjdk-25.0.2\bin\jli.dll
0x00007ffe02090000 - 0x00007ffe020ae000 	C:\Users\franc\.jdks\openjdk-25.0.2\bin\VCRUNTIME140.dll
0x00007ffe2a010000 - 0x00007ffe2a1d5000 	C:\WINDOWS\System32\USER32.dll
0x00007ffe12e30000 - 0x00007ffe130c3000 	C:\WINDOWS\WinSxS\amd64_microsoft.windows.common-controls_6595b64144ccf1df_6.0.26100.7309_none_3e05feeae336a044\COMCTL32.dll
0x00007ffe29230000 - 0x00007ffe29257000 	C:\WINDOWS\System32\win32u.dll
0x00007ffe2a3b0000 - 0x00007ffe2a3db000 	C:\WINDOWS\System32\GDI32.dll
0x00007ffe2ac80000 - 0x00007ffe2ad29000 	C:\WINDOWS\System32\msvcrt.dll
0x00007ffe29710000 - 0x00007ffe2983c000 	C:\WINDOWS\System32\gdi32full.dll
0x00007ffe29660000 - 0x00007ffe29703000 	C:\WINDOWS\System32\msvcp_win.dll
0x00007ffe2b550000 - 0x00007ffe2b581000 	C:\WINDOWS\System32\IMM32.DLL
0x00007ffe23ae0000 - 0x00007ffe23aec000 	C:\Users\franc\.jdks\openjdk-25.0.2\bin\vcruntime140_1.dll
0x00007ffdb7b40000 - 0x00007ffdb7bcd000 	C:\Users\franc\.jdks\openjdk-25.0.2\bin\msvcp140.dll
0x00007ffd229a0000 - 0x00007ffd237ff000 	C:\Users\franc\.jdks\openjdk-25.0.2\bin\server\jvm.dll
0x00007ffe2ad30000 - 0x00007ffe2ade4000 	C:\WINDOWS\System32\ADVAPI32.dll
0x00007ffe29860000 - 0x00007ffe29906000 	C:\WINDOWS\System32\sechost.dll
0x00007ffe2aa80000 - 0x00007ffe2ab98000 	C:\WINDOWS\System32\RPCRT4.dll
0x00007ffe2a250000 - 0x00007ffe2a2c4000 	C:\WINDOWS\System32\WS2_32.dll
0x00007ffe28a50000 - 0x00007ffe28aae000 	C:\WINDOWS\SYSTEM32\POWRPROF.dll
0x00007ffe1f100000 - 0x00007ffe1f10b000 	C:\WINDOWS\SYSTEM32\VERSION.dll
0x00007ffe1b870000 - 0x00007ffe1b8a5000 	C:\WINDOWS\SYSTEM32\WINMM.dll
0x00007ffe28a30000 - 0x00007ffe28a44000 	C:\WINDOWS\SYSTEM32\UMPDC.dll
0x00007ffe27960000 - 0x00007ffe2797b000 	C:\WINDOWS\SYSTEM32\kernel.appcore.dll
0x00007ffe149e0000 - 0x00007ffe149ea000 	C:\Users\franc\.jdks\openjdk-25.0.2\bin\jimage.dll
0x00007ffe1fcf0000 - 0x00007ffe1ff32000 	C:\WINDOWS\SYSTEM32\DBGHELP.DLL
0x00007ffe29910000 - 0x00007ffe29c96000 	C:\WINDOWS\System32\combase.dll
0x00007ffe2aba0000 - 0x00007ffe2ac76000 	C:\WINDOWS\System32\OLEAUT32.dll
0x00007ffe06ac0000 - 0x00007ffe06afc000 	C:\WINDOWS\SYSTEM32\dbgcore.DLL
0x00007ffe28c80000 - 0x00007ffe28d25000 	C:\WINDOWS\System32\bcryptPrimitives.dll
0x00007ffe12650000 - 0x00007ffe1268d000 	C:\Users\franc\.jdks\openjdk-25.0.2\bin\jdwp.dll
0x00007ffd24f20000 - 0x00007ffd2512e000 	C:\Users\franc\AppData\Local\Temp\idea_libasyncProfiler_dll_temp_folder2\libasyncProfiler.dll
0x00007ffe23c10000 - 0x00007ffe23c20000 	C:\Users\franc\.jdks\openjdk-25.0.2\bin\instrument.dll
0x00007ffdfb440000 - 0x00007ffdfb45f000 	C:\Users\franc\.jdks\openjdk-25.0.2\bin\java.dll
0x00007ffe29e10000 - 0x00007ffe29fa7000 	C:\WINDOWS\System32\ole32.dll
0x00007ffe2adf0000 - 0x00007ffe2b543000 	C:\WINDOWS\System32\SHELL32.dll
0x00007ffe28eb0000 - 0x00007ffe2901a000 	C:\WINDOWS\System32\wintypes.dll
0x00007ffdf9fd0000 - 0x00007ffdf9fe7000 	C:\Users\franc\.jdks\openjdk-25.0.2\bin\zip.dll
0x00007ffe267d0000 - 0x00007ffe2702e000 	C:\WINDOWS\SYSTEM32\windows.storage.dll
0x00007ffe2a410000 - 0x00007ffe2a505000 	C:\WINDOWS\System32\SHCORE.dll
0x00007ffe2a1e0000 - 0x00007ffe2a246000 	C:\WINDOWS\System32\shlwapi.dll
0x00007ffe28b10000 - 0x00007ffe28b39000 	C:\WINDOWS\SYSTEM32\profapi.dll
0x00007ffe23c00000 - 0x00007ffe23c0c000 	C:\Users\franc\.jdks\openjdk-25.0.2\bin\dt_socket.dll
0x00007ffe27350000 - 0x00007ffe27384000 	C:\WINDOWS\SYSTEM32\IPHLPAPI.DLL
0x00007ffe27eb0000 - 0x00007ffe27f1b000 	C:\WINDOWS\system32\mswsock.dll
0x00007ffe10b20000 - 0x00007ffe10b30000 	C:\Users\franc\.jdks\openjdk-25.0.2\bin\verify.dll
0x00007ffdfb990000 - 0x00007ffdfb9a2000 	C:\Users\franc\.jdks\openjdk-25.0.2\bin\net.dll
0x00007ffdfa2f0000 - 0x00007ffdfa306000 	C:\Users\franc\.jdks\openjdk-25.0.2\bin\nio.dll

JVMTI agents:
jdwp path:C:\Users\franc\.jdks\openjdk-25.0.2\bin\jdwp.dll, loaded, initialized, options:transport=dt_socket,address=127.0.0.1:53643,suspend=y,server=n
C:\Users\franc\AppData\Local\Temp\idea_libasyncProfiler_dll_temp_folder2\libasyncProfiler.dll path:C:\Users\franc\AppData\Local\Temp\idea_libasyncProfiler_dll_temp_folder2\libasyncProfiler.dll, loaded, initialized, options:version,jfr,event=wall,interval=10ms,cstack=no,file=C:\Users\franc\IdeaSnapshots\TimeSlotTest_testTimeSlot_2026_02_03_151700.jfr,dbghelppath=C:\Users\franc\AppData\Local\Temp\idea_dbghelp_dll_temp_folder1\dbghelp.dll,log=C:\Users\franc\AppData\Local\Temp\TimeSlotTest_testTimeSlot_2026_02_03_151700.jfr.log.txt,logLevel=DEBUG
C:\Users\franc\AppData\Local\JetBrains\IntelliJIdea2024.3\captureAgent\debugger-agent.jar path:C:\Users\franc\.jdks\openjdk-25.0.2\bin\instrument.dll, loaded, initialized, instrumentlib options:none

dbghelp: loaded successfully - version: 4.0.5 - missing functions: none
symbol engine: initialized successfully - sym options: 0x614 - pdb path: .;C:\Users\franc\.jdks\openjdk-25.0.2\bin;C:\WINDOWS\SYSTEM32;C:\WINDOWS\WinSxS\amd64_microsoft.windows.common-controls_6595b64144ccf1df_6.0.26100.7309_none_3e05feeae336a044;C:\Users\franc\.jdks\openjdk-25.0.2\bin\server;C:\Users\franc\AppData\Local\Temp\idea_libasyncProfiler_dll_temp_folder2

VM Arguments:
jvm_args: -agentlib:jdwp=transport=dt_socket,address=127.0.0.1:53643,suspend=y,server=n -ea -agentpath:C:\Users\franc\AppData\Local\Temp\idea_libasyncProfiler_dll_temp_folder2\libasyncProfiler.dll=version,jfr,event=wall,interval=10ms,cstack=no,file=C:\Users\franc\IdeaSnapshots\TimeSlotTest_testTimeSlot_2026_02_03_151700.jfr,dbghelppath=C:\Users\franc\AppData\Local\Temp\idea_dbghelp_dll_temp_folder1\dbghelp.dll,log=C:\Users\franc\AppData\Local\Temp\TimeSlotTest_testTimeSlot_2026_02_03_151700.jfr.log.txt,logLevel=DEBUG -Didea.test.cyclic.buffer.size=1048576 -javaagent:C:\Users\franc\AppData\Local\JetBrains\IntelliJIdea2024.3\captureAgent\debugger-agent.jar -Dkotlinx.coroutines.debug.enable.creation.stack.trace=false -Ddebugger.agent.enable.coroutines=true -Dkotlinx.coroutines.debug.enable.flows.stack.trace=true -Dkotlinx.coroutines.debug.enable.mutable.state.flows.stack.trace=true -Dfile.encoding=UTF-8 -Dsun.stdout.encoding=UTF-8 -Dsun.stderr.encoding=UTF-8 
java_command: com.intellij.rt.junit.JUnitStarter -ideVersion5 -junit5 it.unicam.cs.asdl2526.es3.TimeSlotTest,testTimeSlot
java_class_path (initial): C:\Users\franc\.m2\repository\org\junit\platform\junit-platform-launcher\1.2.0\junit-platform-launcher-1.2.0.jar;C:\Program Files\JetBrains\IntelliJ IDEA 2024.3.5\lib\idea_rt.jar;C:\Program Files\JetBrains\IntelliJ IDEA 2024.3.5\plugins\junit\lib\junit5-rt.jar;C:\Program Files\JetBrains\IntelliJ IDEA 2024.3.5\plugins\junit\lib\junit-rt.jar;E:\Data\Documents\GitHub\es3\target\test-classes;E:\Data\Documents\GitHub\es3\target\classes;C:\Users\franc\.m2\repository\org\junit\jupiter\junit-jupiter-engine\5.2.0\junit-jupiter-engine-5.2.0.jar;C:\Users\franc\.m2\repository\org\apiguardian\apiguardian-api\1.0.0\apiguardian-api-1.0.0.jar;C:\Users\franc\.m2\repository\org\junit\platform\junit-platform-engine\1.2.0\junit-platform-engine-1.2.0.jar;C:\Users\franc\.m2\repository\org\junit\platform\junit-platform-commons\1.2.0\junit-platform-commons-1.2.0.jar;C:\Users\franc\.m2\repository\org\opentest4j\opentest4j\1.1.0\opentest4j-1.1.0.jar;C:\Users\franc\.m2\repository\org\junit\jupiter\junit-jupiter-api\5.2.0\junit-jupiter-api-5.2.0.jar
Launcher Type: SUN_STANDARD

[Global flags]
     intx CICompilerCount                          = 12                                        {product} {ergonomic}
     uint ConcGCThreads                            = 3                                         {product} {ergonomic}
     uint G1ConcRefinementThreads                  = 13                                        {product} {ergonomic}
   size_t G1HeapRegionSize                         = 4194304                                   {product} {ergonomic}
   size_t InitialHeapSize                          = 524288000                                 {product} {ergonomic}
   size_t MarkStackSize                            = 4194304                                   {product} {ergonomic}
   size_t MarkStackSizeMax                         = 536870912                                 {product} {ergonomic}
   size_t MaxHeapSize                              = 8355053568                                {product} {ergonomic}
   size_t MaxNewSize                               = 5012193280                                {product} {ergonomic}
   size_t MinHeapDeltaBytes                        = 4194304                                   {product} {ergonomic}
   size_t MinHeapSize                              = 8388608                                   {product} {ergonomic}
    uintx NonNMethodCodeHeapSize                   = 7602176                                {pd product} {ergonomic}
    uintx NonProfiledCodeHeapSize                  = 122093568                              {pd product} {ergonomic}
    uintx ProfiledCodeHeapSize                     = 121962496                              {pd product} {ergonomic}
    uintx ReservedCodeCacheSize                    = 251658240                              {pd product} {ergonomic}
     bool SegmentedCodeCache                       = true                                      {product} {ergonomic}
   size_t SoftMaxHeapSize                          = 8355053568                             {manageable} {ergonomic}
     bool UseCompressedOops                        = true                           {product lp64_product} {ergonomic}
     bool UseG1GC                                  = true                                      {product} {ergonomic}
     bool UseLargePagesIndividualAllocation        = false                                  {pd product} {ergonomic}

Logging:
Log output configuration:
 #0: stdout all=warning uptime,level,tags foldmultilines=false
 #1: stderr all=off uptime,level,tags foldmultilines=false

Release file:
IMPLEMENTOR="Oracle Corporation" 
JAVA_RUNTIME_VERSION="25.0.2+10-69" 
JAVA_VERSION="25.0.2" 
JAVA_VERSION_DATE="2026-01-20" 
LIBC="default" 
MODULES="java.base java.compiler java.datatransfer java.xml java.prefs java.desktop java.instrument java.logging java.management java.security.sasl java.naming java.rmi java.management.rmi java.net.http java.scripting java.security.jgss java.transaction.xa java.sql java.sql.rowset java.xml.crypto java.se java.smartcardio jdk.accessibility jdk.internal.jvmstat jdk.attach jdk.charsets jdk.internal.opt jdk.zipfs jdk.compiler jdk.crypto.cryptoki jdk.crypto.ec jdk.crypto.mscapi jdk.dynalink jdk.internal.ed jdk.editpad jdk.internal.vm.ci jdk.graal.compiler jdk.graal.compiler.management jdk.hotspot.agent jdk.httpserver jdk.incubator.vector jdk.internal.le jdk.internal.md jdk.jartool jdk.javadoc jdk.jcmd jdk.management jdk.management.agent jdk.jconsole jdk.jdeps jdk.jdwp.agent jdk.jdi jdk.jfr jdk.jlink jdk.jpackage jdk.jshell jdk.jsobject jdk.jstatd jdk.localedata jdk.management.jfr jdk.naming.dns jdk.naming.rmi jdk.net jdk.nio.mapmode jdk.sctp jdk.security.auth jdk.security.jgss jdk.unsupported jdk.unsupported.desktop jdk.xml.dom" 
OS_ARCH="x86_64" 
OS_NAME="Windows" 
SOURCE=".:git:405a5699ebd0" 

Environment Variables:
PATH=C:\Program Files (x86)\NVIDIA Corporation\PhysX\Common;C:\WINDOWS\system32;C:\WINDOWS;C:\WINDOWS\System32\Wbem;C:\WINDOWS\System32\WindowsPowerShell\v1.0\;C:\WINDOWS\System32\OpenSSH\;C:\Program Files\dotnet\;C:\Program Files\Git\cmd;C:\Users\franc\DEV\flutter\bin;C:\Users\franc\AppData\Local\Programs\Python\Launcher\;C:\Users\franc\AppData\Local\Microsoft\WindowsApps;C:\Users\franc\AppData\Local\Programs\Microsoft VS Code\bin;C:\Users\franc\AppData\Local\GitHubDesktop\bin
USERNAME=franc
OS=Windows_NT
PROCESSOR_IDENTIFIER=AMD64 Family 26 Model 68 Stepping 0, AuthenticAMD
TMP=C:\Users\franc\AppData\Local\Temp
TEMP=C:\Users\franc\AppData\Local\Temp




Compilation memory statistics disabled.

Periodic native trim disabled

---------------  S Y S T E M  ---------------

OS:
 Windows 11 , 64 bit Build 26100 (10.0.26100.7623)
OS uptime: 0 days 4:11 hours
Hyper-V role detected

CPU: total 16 (initial active 16) (16 cores per cpu, 2 threads per core) family 26 model 68 stepping 0 microcode 0xb40401a, cx8, cmov, fxsr, ht, mmx, 3dnowpref, sse, sse2, sse3, ssse3, sse4a, sse4.1, sse4.2, popcnt, lzcnt, tsc, tscinvbit, avx, avx2, aes, erms, clmul, bmi1, bmi2, adx, avx512f, avx512dq, avx512cd, avx512bw, avx512vl, sha, fma, vzeroupper, avx512_vpopcntdq, avx512_vpclmulqdq, avx512_vaes, avx512_vnni, clflush, clflushopt, clwb, avx512_vbmi2, avx512_vbmi, hv, rdtscp, rdpid, fsrm, gfni, avx512_bitalg, f16c, cet_ss, avx512_ifma
Processor Information for the first 16 processors :
  Max Mhz: 3800, Current Mhz: 3800, Mhz Limit: 3800

Memory: 4k page, system-wide physical 31861M (15259M free)
TotalPageFile size 33909M (AvailPageFile size 7297M)
current process WorkingSet (physical memory assigned to process): 85M, peak: 87M
current process commit charge ("private bytes"): 637M, peak: 640M

vm_info: OpenJDK 64-Bit Server VM (25.0.2+10-69) for windows-amd64 JRE (25.0.2+10-69), built on 2025-12-18T11:36:35Z with MS VC++ 17.13 (VS2022)

END.
